0 info it worked if it ends with ok
1 verbose cli [ '/usr/local/bin/node',
1 verbose cli   '/usr/local/bin/npm',
1 verbose cli   'run',
1 verbose cli   'vscode:prepublish' ]
2 info using npm@3.10.8
3 info using node@v6.9.1
4 verbose run-script [ 'prevscode:prepublish',
4 verbose run-script   'vscode:prepublish',
4 verbose run-script   'postvscode:prepublish' ]
5 info lifecycle python@0.5.2~prevscode:prepublish: python@0.5.2
6 silly lifecycle python@0.5.2~prevscode:prepublish: no script for prevscode:prepublish, continuing
7 info lifecycle python@0.5.2~vscode:prepublish: python@0.5.2
8 verbose lifecycle python@0.5.2~vscode:prepublish: unsafe-perm in lifecycle true
9 verbose lifecycle python@0.5.2~vscode:prepublish: PATH: /usr/local/lib/node_modules/npm/bin/node-gyp-bin:/Users/ying/Documents/PySpark/pythonVSCode/node_modules/.bin:/Users/ying/spark-2.0.1-bin-hadoop2.7/bin:/Library/Frameworks/Python.framework/Versions/2.7/bin:/usr/local/bin:/usr/bin:/bin:/usr/sbin:/sbin:/opt/X11/bin:/usr/texbin
10 verbose lifecycle python@0.5.2~vscode:prepublish: CWD: /Users/ying/Documents/PySpark/pythonVSCode
11 silly lifecycle python@0.5.2~vscode:prepublish: Args: [ '-c', 'tsc -p ./ && webpack' ]
12 silly lifecycle python@0.5.2~vscode:prepublish: Returned: code: 2  signal: null
13 info lifecycle python@0.5.2~vscode:prepublish: Failed to exec vscode:prepublish script
14 verbose stack Error: python@0.5.2 vscode:prepublish: `tsc -p ./ && webpack`
14 verbose stack Exit status 2
14 verbose stack     at EventEmitter.<anonymous> (/usr/local/lib/node_modules/npm/lib/utils/lifecycle.js:255:16)
14 verbose stack     at emitTwo (events.js:106:13)
14 verbose stack     at EventEmitter.emit (events.js:191:7)
14 verbose stack     at ChildProcess.<anonymous> (/usr/local/lib/node_modules/npm/lib/utils/spawn.js:40:14)
14 verbose stack     at emitTwo (events.js:106:13)
14 verbose stack     at ChildProcess.emit (events.js:191:7)
14 verbose stack     at maybeClose (internal/child_process.js:877:16)
14 verbose stack     at Process.ChildProcess._handle.onexit (internal/child_process.js:226:5)
15 verbose pkgid python@0.5.2
16 verbose cwd /Users/ying/Documents/PySpark/pythonVSCode
17 error Darwin 16.1.0
18 error argv "/usr/local/bin/node" "/usr/local/bin/npm" "run" "vscode:prepublish"
19 error node v6.9.1
20 error npm  v3.10.8
21 error code ELIFECYCLE
22 error python@0.5.2 vscode:prepublish: `tsc -p ./ && webpack`
22 error Exit status 2
23 error Failed at the python@0.5.2 vscode:prepublish script 'tsc -p ./ && webpack'.
23 error Make sure you have the latest version of node.js and npm installed.
23 error If you do, this is most likely a problem with the python package,
23 error not with npm itself.
23 error Tell the author that this fails on your system:
23 error     tsc -p ./ && webpack
23 error You can get information on how to open an issue for this project with:
23 error     npm bugs python
23 error Or if that isn't available, you can get their info via:
23 error     npm owner ls python
23 error There is likely additional logging output above.
24 verbose exit [ 1, true ]
